1610266670761	geckodriver	INFO	Listening on 127.0.0.1:34575
1610266670768	mozrunner::runner	INFO	Running command: "/usr/bin/firefox" "--marionette" "-foreground" "-no-remote" "-profile" "/tmp/rust_mozprofilemfb7Wm"
1610266673336	Marionette	INFO	Listening on port 36231
1610266673376	Marionette	WARN	TLS certificate errors will be ignored for this session
JavaScript warning: https://mimg.127.net/p/tools/fingerprintjs/fingerprint-2.1.2.min.js, line 4: WebGL context was lost.
JavaScript warning: https://mimg.127.net/p/tools/fingerprintjs/fingerprint-2.1.2.min.js, line 4: WebGL context was lost.
JavaScript warning: https://mimg.127.net/p/tools/fingerprintjs/fingerprint-2.1.2.min.js, line 4: WebGL context was lost.
JavaScript warning: https://mimg.127.net/p/tools/fingerprintjs/fingerprint-2.1.2.min.js, line 4: WebGL context was lost.
1610266688683	Marionette	INFO	Stopped listening on port 36231
1610266863799	geckodriver	INFO	Listening on 127.0.0.1:56149
1610266863805	mozrunner::runner	INFO	Running command: "/usr/bin/firefox" "--marionette" "-foreground" "-no-remote" "-profile" "/tmp/rust_mozprofile2dffqo"
1610266866605	Marionette	INFO	Listening on port 41711
1610266866615	Marionette	WARN	TLS certificate errors will be ignored for this session
1610266897563	Marionette	INFO	Stopped listening on port 41711
1610266898993	geckodriver	INFO	Listening on 127.0.0.1:52191
1610266898998	mozrunner::runner	INFO	Running command: "/usr/bin/firefox" "--marionette" "-foreground" "-no-remote" "-profile" "/tmp/rust_mozprofileVlNH1s"
1610266901525	Marionette	INFO	Listening on port 37221
1610266901607	Marionette	WARN	TLS certificate errors will be ignored for this session
JavaScript error: resource://gre/modules/URIFixup.jsm, line 281: NS_ERROR_FAILURE: Should pass a non-null uri
JavaScript warning: https://mimg.127.net/p/tools/fingerprintjs/fingerprint-2.1.2.min.js, line 4: WebGL context was lost.
JavaScript warning: https://mimg.127.net/p/tools/fingerprintjs/fingerprint-2.1.2.min.js, line 4: WebGL context was lost.
JavaScript warning: https://mimg.127.net/p/tools/fingerprintjs/fingerprint-2.1.2.min.js, line 4: WebGL context was lost.
JavaScript warning: https://mimg.127.net/p/tools/fingerprintjs/fingerprint-2.1.2.min.js, line 4: WebGL context was lost.
1610266918801	Marionette	INFO	Stopped listening on port 37221
1610266950642	geckodriver	INFO	Listening on 127.0.0.1:53893
1610266950648	mozrunner::runner	INFO	Running command: "/usr/bin/firefox" "--marionette" "-foreground" "-no-remote" "-profile" "/tmp/rust_mozprofilezhTk8X"
1610266953288	Marionette	INFO	Listening on port 40771
1610266953357	Marionette	WARN	TLS certificate errors will be ignored for this session
JavaScript warning: https://mimg.127.net/p/tools/fingerprintjs/fingerprint-2.1.2.min.js, line 4: WebGL context was lost.
JavaScript warning: https://mimg.127.net/p/tools/fingerprintjs/fingerprint-2.1.2.min.js, line 4: WebGL context was lost.
JavaScript warning: https://mimg.127.net/p/tools/fingerprintjs/fingerprint-2.1.2.min.js, line 4: WebGL context was lost.
JavaScript warning: https://mimg.127.net/p/tools/fingerprintjs/fingerprint-2.1.2.min.js, line 4: WebGL context was lost.
1610266984664	geckodriver	INFO	Listening on 127.0.0.1:50153
1610266984670	mozrunner::runner	INFO	Running command: "/usr/bin/firefox" "--marionette" "-foreground" "-no-remote" "-profile" "/tmp/rust_mozprofile9O5qAy"
1610266987379	Marionette	INFO	Stopped listening on port 40771
1610266987418	Marionette	INFO	Listening on port 40725
1610266987479	Marionette	WARN	TLS certificate errors will be ignored for this session
JavaScript error: resource://gre/modules/URIFixup.jsm, line 281: NS_ERROR_FAILURE: Should pass a non-null uri
JavaScript warning: https://mimg.127.net/p/tools/fingerprintjs/fingerprint-2.1.2.min.js, line 4: WebGL context was lost.
JavaScript warning: https://mimg.127.net/p/tools/fingerprintjs/fingerprint-2.1.2.min.js, line 4: WebGL context was lost.
JavaScript warning: https://mimg.127.net/p/tools/fingerprintjs/fingerprint-2.1.2.min.js, line 4: WebGL context was lost.
JavaScript warning: https://mimg.127.net/p/tools/fingerprintjs/fingerprint-2.1.2.min.js, line 4: WebGL context was lost.
1610267010365	Marionette	INFO	Stopped listening on port 40725
1610267173044	geckodriver	INFO	Listening on 127.0.0.1:56359
1610267173049	mozrunner::runner	INFO	Running command: "/usr/bin/firefox" "--marionette" "-foreground" "-no-remote" "-profile" "/tmp/rust_mozprofileOaWtvA"
1610267175552	Marionette	INFO	Listening on port 33049
1610267175561	Marionette	WARN	TLS certificate errors will be ignored for this session
JavaScript warning: https://mimg.127.net/p/tools/fingerprintjs/fingerprint-2.1.2.min.js, line 4: WebGL context was lost.
JavaScript warning: https://mimg.127.net/p/tools/fingerprintjs/fingerprint-2.1.2.min.js, line 4: WebGL context was lost.
JavaScript warning: https://mimg.127.net/p/tools/fingerprintjs/fingerprint-2.1.2.min.js, line 4: WebGL context was lost.
JavaScript warning: https://mimg.127.net/p/tools/fingerprintjs/fingerprint-2.1.2.min.js, line 4: WebGL context was lost.
1610267189447	Marionette	INFO	Stopped listening on port 33049
